# JRE version: OpenJDK Runtime Environment (8.0_212-b04) (build 1.8.0_212-release-1586-b04)
# Java VM: OpenJDK 64-Bit Server VM (25.212-b04 mixed mode windows-amd64 compressed oops)
Heap:
 PSYoungGen      total 458240K, used 375604K [0x00000000e0000000, 0x0000000100000000, 0x0000000100000000)
  eden space 421888K, 81% used [0x00000000e0000000,0x00000000f50931e8,0x00000000f9c00000)
  from space 36352K, 85% used [0x00000000f9c00000,0x00000000fba39fb8,0x00000000fbf80000)
  to   space 39424K, 0% used [0x00000000fd980000,0x00000000fd980000,0x0000000100000000)
 ParOldGen       total 258048K, used 63833K [0x00000000a0000000, 0x00000000afc00000, 0x00000000e0000000)
  object space 258048K, 24% used [0x00000000a0000000,0x00000000a3e566d8,0x00000000afc00000)
 Metaspace       used 110033K, capacity 115152K, committed 115456K, reserved 1148928K
  class space    used 14172K, capacity 15264K, committed 15360K, reserved 1048576K
GC Heap History (10 events):
Event: 438.238 GC heap before
{Heap before GC invocations=21 (full 4):
 PSYoungGen      total 364544K, used 11268K [0x00000000e0000000, 0x00000000f9980000, 0x0000000100000000)
  eden space 352768K, 0% used [0x00000000e0000000,0x00000000e0000000,0x00000000f5880000)
  from space 11776K, 95% used [0x00000000f6580000,0x00000000f70813f8,0x00000000f7100000)
  to   space 33280K, 0% used [0x00000000f7900000,0x00000000f7900000,0x00000000f9980000)
 ParOldGen       total 182784K, used 77460K [0x00000000a0000000, 0x00000000ab280000, 0x00000000e0000000)
  object space 182784K, 42% used [0x00000000a0000000,0x00000000a4ba5080,0x00000000ab280000)
 Metaspace       used 94307K, capacity 98436K, committed 98560K, reserved 1134592K
  class space    used 12147K, capacity 12994K, committed 13056K, reserved 1048576K
Event: 438.488 GC heap after
Heap after GC invocations=21 (full 4):
 PSYoungGen      total 364544K, used 0K [0x00000000e0000000, 0x00000000f9980000, 0x0000000100000000)
  eden space 352768K, 0% used [0x00000000e0000000,0x00000000e0000000,0x00000000f5880000)
  from space 11776K, 0% used [0x00000000f6580000,0x00000000f6580000,0x00000000f7100000)
  to   space 33280K, 0% used [0x00000000f7900000,0x00000000f7900000,0x00000000f9980000)
 ParOldGen       total 258048K, used 63825K [0x00000000a0000000, 0x00000000afc00000, 0x00000000e0000000)
  object space 258048K, 24% used [0x00000000a0000000,0x00000000a3e546d8,0x00000000afc00000)
 Metaspace       used 94114K, capacity 97896K, committed 98560K, reserved 1134592K
  class space    used 12085K, capacity 12884K, committed 13056K, reserved 1048576K
}
Event: 442.905 GC heap before
{Heap before GC invocations=22 (full 4):
 PSYoungGen      total 364544K, used 352768K [0x00000000e0000000, 0x00000000f9980000, 0x0000000100000000)
  eden space 352768K, 100% used [0x00000000e0000000,0x00000000f5880000,0x00000000f5880000)
  from space 11776K, 0% used [0x00000000f6580000,0x00000000f6580000,0x00000000f7100000)
  to   space 33280K, 0% used [0x00000000f7900000,0x00000000f7900000,0x00000000f9980000)
 ParOldGen       total 258048K, used 63825K [0x00000000a0000000, 0x00000000afc00000, 0x00000000e0000000)
  object space 258048K, 24% used [0x00000000a0000000,0x00000000a3e546d8,0x00000000afc00000)
 Metaspace       used 99938K, capacity 103918K, committed 104448K, reserved 1140736K
  class space    used 12846K, capacity 13675K, committed 13824K, reserved 1048576K
Event: 442.931 GC heap after
Heap after GC invocations=22 (full 4):
 PSYoungGen      total 386560K, used 19100K [0x00000000e0000000, 0x00000000fd400000, 0x0000000100000000)
  eden space 353280K, 0% used [0x00000000e0000000,0x00000000e0000000,0x00000000f5900000)
  from space 33280K, 57% used [0x00000000f7900000,0x00000000f8ba7128,0x00000000f9980000)
  to   space 32768K, 0% used [0x00000000f5900000,0x00000000f5900000,0x00000000f7900000)
 ParOldGen       total 258048K, used 63833K [0x00000000a0000000, 0x00000000afc00000, 0x00000000e0000000)
  object space 258048K, 24% used [0x00000000a0000000,0x00000000a3e566d8,0x00000000afc00000)
 Metaspace       used 99938K, capacity 103918K, committed 104448K, reserved 1140736K
  class space    used 12846K, capacity 13675K, committed 13824K, reserved 1048576K
}
Event: 445.218 GC heap before
{Heap before GC invocations=23 (full 4):
 PSYoungGen      total 386560K, used 372380K [0x00000000e0000000, 0x00000000fd400000, 0x0000000100000000)
  eden space 353280K, 100% used [0x00000000e0000000,0x00000000f5900000,0x00000000f5900000)
  from space 33280K, 57% used [0x00000000f7900000,0x00000000f8ba7128,0x00000000f9980000)
  to   space 32768K, 0% used [0x00000000f5900000,0x00000000f5900000,0x00000000f7900000)
 ParOldGen       total 258048K, used 63833K [0x00000000a0000000, 0x00000000afc00000, 0x00000000e0000000)
  object space 258048K, 24% used [0x00000000a0000000,0x00000000a3e566d8,0x00000000afc00000)
 Metaspace       used 107363K, capacity 112120K, committed 112256K, reserved 1146880K
  class space    used 13876K, capacity 14876K, committed 14976K, reserved 1048576K
Event: 445.245 GC heap after
Heap after GC invocations=23 (full 4):
 PSYoungGen      total 386048K, used 26853K [0x00000000e0000000, 0x00000000fe200000, 0x0000000100000000)
  eden space 353280K, 0% used [0x00000000e0000000,0x00000000e0000000,0x00000000f5900000)
  from space 32768K, 81% used [0x00000000f5900000,0x00000000f7339528,0x00000000f7900000)
  to   space 35328K, 0% used [0x00000000fbf80000,0x00000000fbf80000,0x00000000fe200000)
 ParOldGen       total 258048K, used 63833K [0x00000000a0000000, 0x00000000afc00000, 0x00000000e0000000)
  object space 258048K, 24% used [0x00000000a0000000,0x00000000a3e566d8,0x00000000afc00000)
 Metaspace       used 107363K, capacity 112120K, committed 112256K, reserved 1146880K
  class space    used 13876K, capacity 14876K, committed 14976K, reserved 1048576K
}
Event: 448.466 GC heap before
{Heap before GC invocations=24 (full 4):
 PSYoungGen      total 386048K, used 380133K [0x00000000e0000000, 0x00000000fe200000, 0x0000000100000000)
  eden space 353280K, 100% used [0x00000000e0000000,0x00000000f5900000,0x00000000f5900000)
  from space 32768K, 81% used [0x00000000f5900000,0x00000000f7339528,0x00000000f7900000)
  to   space 35328K, 0% used [0x00000000fbf80000,0x00000000fbf80000,0x00000000fe200000)
 ParOldGen       total 258048K, used 63833K [0x00000000a0000000, 0x00000000afc00000, 0x00000000e0000000)
  object space 258048K, 24% used [0x00000000a0000000,0x00000000a3e566d8,0x00000000afc00000)
 Metaspace       used 109641K, capacity 114718K, committed 114816K, reserved 1148928K
  class space    used 14147K, capacity 15221K, committed 15232K, reserved 1048576K
Event: 448.528 GC heap after
Heap after GC invocations=24 (full 4):
 PSYoungGen      total 457216K, used 24160K [0x00000000e0000000, 0x00000000ff000000, 0x0000000100000000)
  eden space 421888K, 0% used [0x00000000e0000000,0x00000000e0000000,0x00000000f9c00000)
  from space 35328K, 68% used [0x00000000fbf80000,0x00000000fd718088,0x00000000fe200000)
  to   space 36352K, 0% used [0x00000000f9c00000,0x00000000f9c00000,0x00000000fbf80000)
 ParOldGen       total 258048K, used 63833K [0x00000000a0000000, 0x00000000afc00000, 0x00000000e0000000)
  object space 258048K, 24% used [0x00000000a0000000,0x00000000a3e566d8,0x00000000afc00000)
 Metaspace       used 109641K, capacity 114718K, committed 114816K, reserved 1148928K
  class space    used 14147K, capacity 15221K, committed 15232K, reserved 1048576K
}
Event: 449.914 GC heap before
{Heap before GC invocations=25 (full 4):
 PSYoungGen      total 457216K, used 446048K [0x00000000e0000000, 0x00000000ff000000, 0x0000000100000000)
  eden space 421888K, 100% used [0x00000000e0000000,0x00000000f9c00000,0x00000000f9c00000)
  from space 35328K, 68% used [0x00000000fbf80000,0x00000000fd718088,0x00000000fe200000)
  to   space 36352K, 0% used [0x00000000f9c00000,0x00000000f9c00000,0x00000000fbf80000)
 ParOldGen       total 258048K, used 63833K [0x00000000a0000000, 0x00000000afc00000, 0x00000000e0000000)
  object space 258048K, 24% used [0x00000000a0000000,0x00000000a3e566d8,0x00000000afc00000)
 Metaspace       used 109943K, capacity 115072K, committed 115200K, reserved 1148928K
  class space    used 14169K, capacity 15262K, committed 15360K, reserved 1048576K
Event: 449.966 GC heap after
Heap after GC invocations=25 (full 4):
 PSYoungGen      total 458240K, used 30951K [0x00000000e0000000, 0x0000000100000000, 0x0000000100000000)
  eden space 421888K, 0% used [0x00000000e0000000,0x00000000e0000000,0x00000000f9c00000)
  from space 36352K, 85% used [0x00000000f9c00000,0x00000000fba39fb8,0x00000000fbf80000)
  to   space 39424K, 0% used [0x00000000fd980000,0x00000000fd980000,0x0000000100000000)
 ParOldGen       total 258048K, used 63833K [0x00000000a0000000, 0x00000000afc00000, 0x00000000e0000000)
  object space 258048K, 24% used [0x00000000a0000000,0x00000000a3e566d8,0x00000000afc00000)
 Metaspace       used 109943K, capacity 115072K, committed 115200K, reserved 1148928K
  class space    used 14169K, capacity 15262K, committed 15360K, reserved 1048576K
}

